<?xml version="1.0"?>
<!DOCTYPE coverage SYSTEM "http://cobertura.sourceforge.net/xml/coverage-04.dtd">
<coverage 
line-rate="0.62" lines-valid="80" lines-covered="50" branches-valid="16" branches-covered="12" branch-rate="0.75" complexity="0" version="1.0" timestamp="1615487567988">
    <sources>
        <source>--source</source>
        <source>/home/knoldus/IdeaProjects/Calculator/src/main/scala</source>
    </sources>
    <packages>
        <package name="com.knoldus.calculator" line-rate="1.00" branch-rate="1.00" complexity="0">
            <classes>
                <class 
                name="com.knoldus.calculator.Calculator" filename="com/knoldus/calculator/Calculator.scala" line-rate="1.00" branch-rate="1.00" complexity="0">
                    <methods>
                        <method 
                        name="com.knoldus.calculator/Calculator/modulus" signature="()V" line-rate="1.00" branch-rate="1.00" complexity="0">
                            <lines>
                                <line number="33" hits="1" branch="false"/>
                                <line number="31" hits="1" branch="false"/>
                                <line number="30" hits="1" branch="false"/>
                                <line number="33" hits="1" branch="false"/>
                                <line number="31" hits="1" branch="false"/>
                            </lines>
</method>
                        <method 
                        name="com.knoldus.calculator/Calculator/maximumOfTwo" signature="()V" line-rate="1.00" branch-rate="1.00" complexity="0">
                            <lines>
                                <line number="44" hits="1" branch="false"/>
                                <line number="41" hits="1" branch="false"/>
                                <line number="44" hits="1" branch="false"/>
                                <line number="40" hits="1" branch="false"/>
                                <line number="39" hits="1" branch="false"/>
                                <line number="42" hits="1" branch="false"/>
                                <line number="41" hits="1" branch="false"/>
                            </lines>
</method>
                        <method 
                        name="com.knoldus.calculator/Calculator/subtraction" signature="()V" line-rate="1.00" branch-rate="1.00" complexity="0">
                            <lines>
                                <line number="8" hits="1" branch="false"/>
                            </lines>
</method>
                        <method 
                        name="com.knoldus.calculator/Calculator/power" signature="()V" line-rate="1.00" branch-rate="1.00" complexity="0">
                            <lines>
                                <line number="23" hits="1" branch="false"/>
                                <line number="23" hits="1" branch="false"/>
                                <line number="23" hits="1" branch="false"/>
                            </lines>
</method>
                        <method 
                        name="com.knoldus.calculator/Calculator/minimumOfTwo" signature="()V" line-rate="1.00" branch-rate="1.00" complexity="0">
                            <lines>
                                <line number="51" hits="1" branch="false"/>
                                <line number="56" hits="1" branch="false"/>
                                <line number="52" hits="1" branch="false"/>
                                <line number="50" hits="1" branch="false"/>
                                <line number="53" hits="1" branch="false"/>
                                <line number="52" hits="1" branch="false"/>
                                <line number="56" hits="1" branch="false"/>
                            </lines>
</method>
                        <method 
                        name="com.knoldus.calculator/Calculator/division" signature="()V" line-rate="1.00" branch-rate="1.00" complexity="0">
                            <lines>
                                <line number="18" hits="1" branch="false"/>
                                <line number="16" hits="1" branch="false"/>
                                <line number="15" hits="1" branch="false"/>
                                <line number="18" hits="1" branch="false"/>
                                <line number="16" hits="1" branch="false"/>
                            </lines>
</method>
                        <method 
                        name="com.knoldus.calculator/Calculator/addition" signature="()V" line-rate="1.00" branch-rate="1.00" complexity="0">
                            <lines>
                                <line number="5" hits="1" branch="false"/>
                            </lines>
</method>
                        <method 
                        name="com.knoldus.calculator/Calculator/multiplication" signature="()V" line-rate="1.00" branch-rate="1.00" complexity="0">
                            <lines>
                                <line number="11" hits="1" branch="false"/>
                            </lines>
</method>
                        <method 
                        name="com.knoldus.calculator/Calculator/absolute" signature="()V" line-rate="1.00" branch-rate="1.00" complexity="0">
                            <lines>
                                <line number="26" hits="1" branch="false"/>
                            </lines>
</method>
                    </methods>
                    <lines>
                        <line number="44" hits="1" branch="false"/>
                        <line number="33" hits="1" branch="false"/>
                        <line number="18" hits="1" branch="false"/>
                        <line number="51" hits="1" branch="false"/>
                        <line number="23" hits="1" branch="false"/>
                        <line number="56" hits="1" branch="false"/>
                        <line number="41" hits="1" branch="false"/>
                        <line number="8" hits="1" branch="false"/>
                        <line number="16" hits="1" branch="false"/>
                        <line number="31" hits="1" branch="false"/>
                        <line number="15" hits="1" branch="false"/>
                        <line number="30" hits="1" branch="false"/>
                        <line number="44" hits="1" branch="false"/>
                        <line number="52" hits="1" branch="false"/>
                        <line number="33" hits="1" branch="false"/>
                        <line number="18" hits="1" branch="false"/>
                        <line number="50" hits="1" branch="false"/>
                        <line number="23" hits="1" branch="false"/>
                        <line number="5" hits="1" branch="false"/>
                        <line number="40" hits="1" branch="false"/>
                        <line number="53" hits="1" branch="false"/>
                        <line number="52" hits="1" branch="false"/>
                        <line number="39" hits="1" branch="false"/>
                        <line number="23" hits="1" branch="false"/>
                        <line number="42" hits="1" branch="false"/>
                        <line number="11" hits="1" branch="false"/>
                        <line number="26" hits="1" branch="false"/>
                        <line number="56" hits="1" branch="false"/>
                        <line number="31" hits="1" branch="false"/>
                        <line number="41" hits="1" branch="false"/>
                        <line number="16" hits="1" branch="false"/>
                    </lines>
</class>
            </classes>
        </package>
        <package name="com.knoldus.calculatorImplementation" line-rate="0.39" branch-rate="0.00" complexity="0">
            <classes>
                <class 
                name="com.knoldus.calculatorImplementation.StartCalculator" filename="com/knoldus/calculatorImplementation/StartCalculator.scala" line-rate="0.00" branch-rate="0.00" complexity="0">
                    <methods>
                        <method 
                        name="com.knoldus.calculatorImplementation/StartCalculator/&lt;none&gt;" signature="()V" line-rate="0.00" branch-rate="0.00" complexity="0">
                            <lines>
                                <line number="31" hits="0" branch="false"/>
                                <line number="24" hits="0" branch="false"/>
                                <line number="15" hits="0" branch="false"/>
                                <line number="18" hits="0" branch="false"/>
                                <line number="9" hits="0" branch="false"/>
                                <line number="41" hits="0" branch="false"/>
                                <line number="23" hits="0" branch="false"/>
                                <line number="35" hits="0" branch="false"/>
                                <line number="12" hits="0" branch="false"/>
                                <line number="20" hits="0" branch="false"/>
                                <line number="34" hits="0" branch="false"/>
                                <line number="20" hits="0" branch="false"/>
                                <line number="11" hits="0" branch="false"/>
                                <line number="22" hits="0" branch="false"/>
                                <line number="14" hits="0" branch="false"/>
                                <line number="37" hits="0" branch="false"/>
                                <line number="41" hits="0" branch="false"/>
                                <line number="28" hits="0" branch="false"/>
                                <line number="7" hits="0" branch="false"/>
                                <line number="17" hits="0" branch="false"/>
                                <line number="16" hits="0" branch="false"/>
                                <line number="22" hits="0" branch="false"/>
                                <line number="26" hits="0" branch="false"/>
                                <line number="19" hits="0" branch="false"/>
                                <line number="10" hits="0" branch="false"/>
                                <line number="33" hits="0" branch="false"/>
                                <line number="13" hits="0" branch="false"/>
                                <line number="36" hits="0" branch="false"/>
                                <line number="20" hits="0" branch="false"/>
                                <line number="6" hits="0" branch="false"/>
                            </lines>
</method>
                    </methods>
                    <lines>
                        <line number="31" hits="0" branch="false"/>
                        <line number="24" hits="0" branch="false"/>
                        <line number="15" hits="0" branch="false"/>
                        <line number="18" hits="0" branch="false"/>
                        <line number="9" hits="0" branch="false"/>
                        <line number="41" hits="0" branch="false"/>
                        <line number="23" hits="0" branch="false"/>
                        <line number="35" hits="0" branch="false"/>
                        <line number="12" hits="0" branch="false"/>
                        <line number="20" hits="0" branch="false"/>
                        <line number="34" hits="0" branch="false"/>
                        <line number="20" hits="0" branch="false"/>
                        <line number="11" hits="0" branch="false"/>
                        <line number="22" hits="0" branch="false"/>
                        <line number="14" hits="0" branch="false"/>
                        <line number="37" hits="0" branch="false"/>
                        <line number="41" hits="0" branch="false"/>
                        <line number="28" hits="0" branch="false"/>
                        <line number="7" hits="0" branch="false"/>
                        <line number="17" hits="0" branch="false"/>
                        <line number="16" hits="0" branch="false"/>
                        <line number="22" hits="0" branch="false"/>
                        <line number="26" hits="0" branch="false"/>
                        <line number="19" hits="0" branch="false"/>
                        <line number="10" hits="0" branch="false"/>
                        <line number="33" hits="0" branch="false"/>
                        <line number="13" hits="0" branch="false"/>
                        <line number="36" hits="0" branch="false"/>
                        <line number="20" hits="0" branch="false"/>
                        <line number="6" hits="0" branch="false"/>
                    </lines>
</class>
                <class 
                name="com.knoldus.calculatorImplementation.CalculatorImplementation" filename="com/knoldus/calculatorImplementation/CalculatorImplementation.scala" line-rate="1.00" branch-rate="1.00" complexity="0">
                    <methods>
                        <method 
                        name="com.knoldus.calculatorImplementation/CalculatorImplementation/selectOperations" signature="()V" line-rate="1.00" branch-rate="1.00" complexity="0">
                            <lines>
                                <line number="37" hits="1" branch="false"/>
                                <line number="18" hits="1" branch="false"/>
                                <line number="12" hits="1" branch="false"/>
                                <line number="25" hits="1" branch="false"/>
                                <line number="15" hits="1" branch="false"/>
                                <line number="31" hits="1" branch="false"/>
                                <line number="29" hits="1" branch="false"/>
                                <line number="17" hits="1" branch="false"/>
                                <line number="35" hits="1" branch="false"/>
                                <line number="23" hits="1" branch="false"/>
                                <line number="11" hits="1" branch="false"/>
                                <line number="14" hits="1" branch="false"/>
                                <line number="27" hits="1" branch="false"/>
                                <line number="13" hits="1" branch="false"/>
                                <line number="33" hits="1" branch="false"/>
                                <line number="16" hits="1" branch="false"/>
                                <line number="21" hits="1" branch="false"/>
                                <line number="10" hits="1" branch="false"/>
                            </lines>
</method>
                        <method 
                        name="com.knoldus.calculatorImplementation/CalculatorImplementation/&lt;none&gt;" signature="()V" line-rate="1.00" branch-rate="1.00" complexity="0">
                            <lines>
                                <line number="6" hits="1" branch="false"/>
                            </lines>
</method>
                    </methods>
                    <lines>
                        <line number="37" hits="1" branch="false"/>
                        <line number="6" hits="1" branch="false"/>
                        <line number="18" hits="1" branch="false"/>
                        <line number="12" hits="1" branch="false"/>
                        <line number="25" hits="1" branch="false"/>
                        <line number="15" hits="1" branch="false"/>
                        <line number="31" hits="1" branch="false"/>
                        <line number="29" hits="1" branch="false"/>
                        <line number="17" hits="1" branch="false"/>
                        <line number="35" hits="1" branch="false"/>
                        <line number="23" hits="1" branch="false"/>
                        <line number="11" hits="1" branch="false"/>
                        <line number="14" hits="1" branch="false"/>
                        <line number="27" hits="1" branch="false"/>
                        <line number="13" hits="1" branch="false"/>
                        <line number="33" hits="1" branch="false"/>
                        <line number="16" hits="1" branch="false"/>
                        <line number="21" hits="1" branch="false"/>
                        <line number="10" hits="1" branch="false"/>
                    </lines>
</class>
            </classes>
        </package>
    </packages>
</coverage>
