<?xml version='1.0' encoding='UTF-8'?>
<testsuite hostname="knoldus-Vostro-15-3568" name="com.knoldus.calculatorImplementation.StartCalculatorTest" tests="15" errors="0" failures="0" skipped="0" time="0.068" timestamp="2021-03-12T00:02:46">
                     <properties>
[...]
</properties>
                     <testcase classname="com.knoldus.calculatorImplementation.StartCalculatorTest" name="StartCalculator should read input values" time="0.04">
                                                 
                                               </testcase><testcase classname="com.knoldus.calculatorImplementation.StartCalculatorTest" name="StartCalculator should subtract" time="0.001">
                                                 
                                               </testcase><testcase classname="com.knoldus.calculatorImplementation.StartCalculatorTest" name="StartCalculator should multiply" time="0.003">
                                                 
                                               </testcase><testcase classname="com.knoldus.calculatorImplementation.StartCalculatorTest" name="StartCalculator should divide" time="0.005">
                                                 
                                               </testcase><testcase classname="com.knoldus.calculatorImplementation.StartCalculatorTest" name="StartCalculator should not divide" time="0.001">
                                                 
                                               </testcase><testcase classname="com.knoldus.calculatorImplementation.StartCalculatorTest" name="StartCalculator should give power of the value" time="0.004">
                                                 
                                               </testcase><testcase classname="com.knoldus.calculatorImplementation.StartCalculatorTest" name="StartCalculator should give absolute number" time="0.007">
                                                 
                                               </testcase><testcase classname="com.knoldus.calculatorImplementation.StartCalculatorTest" name="StartCalculator should gives the remainder value" time="0.001">
                                                 
                                               </testcase><testcase classname="com.knoldus.calculatorImplementation.StartCalculatorTest" name="StartCalculator should not gives the remainder value" time="0.001">
                                                 
                                               </testcase><testcase classname="com.knoldus.calculatorImplementation.StartCalculatorTest" name="StartCalculator should give maximum value" time="0.003">
                                                 
                                               </testcase><testcase classname="com.knoldus.calculatorImplementation.StartCalculatorTest" name="StartCalculator should give maximum value of" time="0.001">
                                                 
                                               </testcase><testcase classname="com.knoldus.calculatorImplementation.StartCalculatorTest" name="StartCalculator should give both are equal" time="0.001">
                                                 
                                               </testcase><testcase classname="com.knoldus.calculatorImplementation.StartCalculatorTest" name="StartCalculator should give minimum value" time="0.0">
                                                 
                                               </testcase><testcase classname="com.knoldus.calculatorImplementation.StartCalculatorTest" name="StartCalculator should give minimum value of" time="0.0">
                                                 
                                               </testcase><testcase classname="com.knoldus.calculatorImplementation.StartCalculatorTest" name="StartCalculator should give equal" time="0.0">
                                                 
                                               </testcase>
                     <system-out><![CDATA[]]></system-out>
                     <system-err><![CDATA[]]></system-err>
                   </testsuite>