<?xml version='1.0' encoding='UTF-8'?>
<testsuite hostname="knoldus-Vostro-15-3568" name="com.knoldus.calculator.CalculatorTest" tests="29" errors="0" failures="0" skipped="0" time="0.049" timestamp="2021-03-12T00:02:46">
                     <properties>
[...]
</properties>
                     <testcase classname="com.knoldus.calculator.CalculatorTest" name="If we add two positive number should also give positive value" time="0.038">
                                                 
                                               </testcase><testcase classname="com.knoldus.calculator.CalculatorTest" name="If we add two negative numbers should give negative value" time="0.0">
                                                 
                                               </testcase><testcase classname="com.knoldus.calculator.CalculatorTest" name="If we add one positive and one negative number should add those numbers" time="0.001">
                                                 
                                               </testcase><testcase classname="com.knoldus.calculator.CalculatorTest" name="If we add any number with zero should give the number itself" time="0.0">
                                                 
                                               </testcase><testcase classname="com.knoldus.calculator.CalculatorTest" name="If we add equal values should give double of the number" time="0.001">
                                                 
                                               </testcase><testcase classname="com.knoldus.calculator.CalculatorTest" name="If we subtract two numbers should give the subtracted value" time="0.001">
                                                 
                                               </testcase><testcase classname="com.knoldus.calculator.CalculatorTest" name="If we subtract any number with zero should give the number itself" time="0.0">
                                                 
                                               </testcase><testcase classname="com.knoldus.calculator.CalculatorTest" name="If we subtract zero with any number should give negative number of that number" time="0.0">
                                                 
                                               </testcase><testcase classname="com.knoldus.calculator.CalculatorTest" name="If we subtract two negative numbers should give subtracted value of the numbers" time="0.001">
                                                 
                                               </testcase><testcase classname="com.knoldus.calculator.CalculatorTest" name="If we subtract one positive number and one negative number should give added value" time="0.0">
                                                 
                                               </testcase><testcase classname="com.knoldus.calculator.CalculatorTest" name="If we multiply two numbers should give multiplied value" time="0.0">
                                                 
                                               </testcase><testcase classname="com.knoldus.calculator.CalculatorTest" name="If we multiply a number a number with zero should give zero" time="0.001">
                                                 
                                               </testcase><testcase classname="com.knoldus.calculator.CalculatorTest" name="multiply one positive and one negative number should give negative value" time="0.0">
                                                 
                                               </testcase><testcase classname="com.knoldus.calculator.CalculatorTest" name="number should not divide by zero" time="0.001">
                                                 
                                               </testcase><testcase classname="com.knoldus.calculator.CalculatorTest" name="division of two positive number should be positive value" time="0.0">
                                                 
                                               </testcase><testcase classname="com.knoldus.calculator.CalculatorTest" name="zero divide with any number should be zero" time="0.001">
                                                 
                                               </testcase><testcase classname="com.knoldus.calculator.CalculatorTest" name="number should not calculate modulus if denominator is zero" time="0.0">
                                                 
                                               </testcase><testcase classname="com.knoldus.calculator.CalculatorTest" name="modulus should be calculated if denominator is not zero" time="0.0">
                                                 
                                               </testcase><testcase classname="com.knoldus.calculator.CalculatorTest" name="first number should be returned if it is greater" time="0.0">
                                                 
                                               </testcase><testcase classname="com.knoldus.calculator.CalculatorTest" name="second number should be returned if it is greater" time="0.0">
                                                 
                                               </testcase><testcase classname="com.knoldus.calculator.CalculatorTest" name="for equal numbers should return both are equal" time="0.0">
                                                 
                                               </testcase><testcase classname="com.knoldus.calculator.CalculatorTest" name="first number should be returned if it is smaller" time="0.0">
                                                 
                                               </testcase><testcase classname="com.knoldus.calculator.CalculatorTest" name="second number should be returned if it is smaller" time="0.001">
                                                 
                                               </testcase><testcase classname="com.knoldus.calculator.CalculatorTest" name="for equal numbers should return equal" time="0.001">
                                                 
                                               </testcase><testcase classname="com.knoldus.calculator.CalculatorTest" name="power should be calculated for two numbers" time="0.0">
                                                 
                                               </testcase><testcase classname="com.knoldus.calculator.CalculatorTest" name="any number power zero should one" time="0.001">
                                                 
                                               </testcase><testcase classname="com.knoldus.calculator.CalculatorTest" name="any number power one should be same number" time="0.0">
                                                 
                                               </testcase><testcase classname="com.knoldus.calculator.CalculatorTest" name="negative number should give positive number" time="0.001">
                                                 
                                               </testcase><testcase classname="com.knoldus.calculator.CalculatorTest" name="positive number should give positive number" time="0.0">
                                                 
                                               </testcase>
                     <system-out><![CDATA[]]></system-out>
                     <system-err><![CDATA[]]></system-err>
                   </testsuite>